生成启动时间为 2015/11/15 22:43:51。
     1>项目“F:\WorkPlace。\0.Project\0016.2015.09.人脸识别项目\FaceAlignmentMaster\FaceAlignment\FaceAlignment.vcxproj”在节点 2 上(Build 个目标)。
       项目文件包含 ToolsVersion="12.0"。此工具集可能未知或缺失。在这种情况下，通过安装 MSBuild 的正确版本，或许可以解决此问题。否则，该 build 可能已因策略原因而被强制为某个特定 ToolsVersion。将该项目视为其已具有 ToolsVersion="4.0"。有关详细信息，请参阅 http://go.microsoft.com/fwlink/?LinkId=291333。
     1>ClCompile:
         D:\Files\Visual Studio 2012\VC\bin\x86_amd64\CL.exe /c /Zi /nologo /W3 /WX- /O2 /Oi /GL /D WIN32 /D NDEBUG /D _CONSOLE /D _LIB /D _UNICODE /D UNICODE /Gm- /EHsc /MD /GS /Gy /fp:precise /Zc:wchar_t /Zc:forScope /Fo"x64\Release\\" /Fd"x64\Release\vc110.pdb" /Gd /TP /errorReport:prompt LBF.cpp
         LBF.cpp
     1>f:\workplace。\0.project\0016.2015.09.人脸识别项目\facealignmentmaster\facealignment\Tree.h(78): warning C4244: “=”: 从“double”转换到“int”，可能丢失数据
     1>LBF.cpp(106): warning C4244: “=”: 从“double”转换到“int”，可能丢失数据
       Link:
         D:\Files\Visual Studio 2012\VC\bin\x86_amd64\link.exe /ERRORREPORT:PROMPT /OUT:"F:\WorkPlace。\0.Project\0016.2015.09.人脸识别项目\FaceAlignmentMaster\x64\Release\FaceAlignment.exe" /INCREMENTAL:NO /NOLOGO opencv_calib3d2411.lib opencv_contrib2411.lib opencv_core2411.lib opencv_features2d2411.lib opencv_flann2411.lib opencv_gpu2411.lib opencv_highgui2411.lib opencv_imgproc2411.lib opencv_legacy2411.lib opencv_ml2411.lib opencv_nonfree2411.lib opencv_objdetect2411.lib opencv_ocl2411.lib opencv_photo2411.lib opencv_stitching2411.lib opencv_superres2411.lib opencv_ts2411.lib opencv_video2411.lib opencv_videostab2411.lib kernel32.lib user32.lib gdi32.lib winspool.lib comdlg32.lib advapi32.lib shell32.lib ole32.lib oleaut32.lib uuid.lib odbc32.lib odbccp32.lib /MANIFEST /MANIFESTUAC:"level='asInvoker' uiAccess='false'" /manifest:embed /DEBUG /PDB:"F:\WorkPlace。\0.Project\0016.2015.09.人脸识别项目\FaceAlignmentMaster\x64\Release\FaceAlignment.pdb" /SUBSYSTEM:CONSOLE /OPT:REF /OPT:ICF /LTCG /TLBID:1 /DYNAMICBASE /NXCOMPAT /IMPLIB:"F:\WorkPlace。\0.Project\0016.2015.09.人脸识别项目\FaceAlignmentMaster\x64\Release\FaceAlignment.lib" /MACHINE:X64 x64\Release\Facedetect.obj
         x64\Release\LBF.obj
         x64\Release\LBFRegressor.obj
         x64\Release\daxpy.obj
         x64\Release\ddot.obj
         x64\Release\dnrm2.obj
         x64\Release\dscal.obj
         x64\Release\linear.obj
         x64\Release\tron.obj
         x64\Release\RandomForest.obj
         x64\Release\TestModel.obj
         x64\Release\TrainModel.obj
         x64\Release\Tree.obj
         x64\Release\Utils.obj
         正在生成代码
         已完成代码的生成
         FaceAlignment.vcxproj -> F:\WorkPlace。\0.Project\0016.2015.09.人脸识别项目\FaceAlignmentMaster\x64\Release\FaceAlignment.exe
     1>已完成生成项目“F:\WorkPlace。\0.Project\0016.2015.09.人脸识别项目\FaceAlignmentMaster\FaceAlignment\FaceAlignment.vcxproj”(Build 个目标)的操作。

生成成功。

已用时间 00:00:07.15
