生成启动时间为 2015/11/15 22:34:32。
     1>项目“F:\WorkPlace。\0.Project\0016.2015.09.人脸识别项目\FaceAlignmentMaster\FaceAlignment\FaceAlignment.vcxproj”在节点 2 上(Build 个目标)。
       项目文件包含 ToolsVersion="12.0"。此工具集可能未知或缺失。在这种情况下，通过安装 MSBuild 的正确版本，或许可以解决此问题。否则，该 build 可能已因策略原因而被强制为某个特定 ToolsVersion。将该项目视为其已具有 ToolsVersion="4.0"。有关详细信息，请参阅 http://go.microsoft.com/fwlink/?LinkId=291333。
     1>Link:
         D:\Files\Visual Studio 2012\VC\bin\x86_amd64\link.exe /ERRORREPORT:PROMPT /OUT:"F:\WorkPlace。\0.Project\0016.2015.09.人脸识别项目\FaceAlignmentMaster\x64\Debug\FaceAlignment.exe" /INCREMENTAL /NOLOGO opencv_calib3d2411d.lib opencv_contrib2411d.lib opencv_core2411d.lib opencv_features2d2411d.lib opencv_flann2411d.lib opencv_gpu2411d.lib opencv_highgui2411d.lib opencv_imgproc2411d.lib opencv_legacy2411d.lib opencv_ml2411d.lib opencv_nonfree2411d.lib opencv_objdetect2411d.lib opencv_ocl2411d.lib opencv_photo2411d.lib opencv_stitching2411d.lib opencv_superres2411d.lib opencv_ts2411d.lib opencv_video2411d.lib opencv_videostab2411d.lib kernel32.lib user32.lib gdi32.lib winspool.lib comdlg32.lib advapi32.lib shell32.lib ole32.lib oleaut32.lib uuid.lib odbc32.lib odbccp32.lib /MANIFEST /MANIFESTUAC:"level='asInvoker' uiAccess='false'" /manifest:embed /DEBUG /PDB:"F:\WorkPlace。\0.Project\0016.2015.09.人脸识别项目\FaceAlignmentMaster\x64\Debug\FaceAlignment.pdb" /SUBSYSTEM:CONSOLE /TLBID:1 /DYNAMICBASE /NXCOMPAT /IMPLIB:"F:\WorkPlace。\0.Project\0016.2015.09.人脸识别项目\FaceAlignmentMaster\x64\Debug\FaceAlignment.lib" /MACHINE:X64 x64\Debug\Facedetect.obj
         x64\Debug\LBF.obj
         x64\Debug\LBFRegressor.obj
         x64\Debug\daxpy.obj
         x64\Debug\ddot.obj
         x64\Debug\dnrm2.obj
         x64\Debug\dscal.obj
         x64\Debug\linear.obj
         x64\Debug\tron.obj
         x64\Debug\RandomForest.obj
         x64\Debug\TestModel.obj
         x64\Debug\TrainModel.obj
         x64\Debug\Tree.obj
         x64\Debug\Utils.obj
         FaceAlignment.vcxproj -> F:\WorkPlace。\0.Project\0016.2015.09.人脸识别项目\FaceAlignmentMaster\x64\Debug\FaceAlignment.exe
     1>已完成生成项目“F:\WorkPlace。\0.Project\0016.2015.09.人脸识别项目\FaceAlignmentMaster\FaceAlignment\FaceAlignment.vcxproj”(Build 个目标)的操作。

生成成功。

已用时间 00:00:01.02
